  main.cpp
D:\C_Projects\MyGAME\MyGAME\class.h(39,38): warning C4244: аргумент: преобразование "int" в "T", возможна потеря данных
          with
          [
              T=float
          ]
D:\C_Projects\MyGAME\MyGAME\class.h(39,28): warning C4244: аргумент: преобразование "int" в "T", возможна потеря данных
          with
          [
              T=float
          ]
D:\C_Projects\MyGAME\MyGAME\class.h(39,24): warning C4244: аргумент: преобразование "int" в "T", возможна потеря данных
          with
          [
              T=float
          ]
D:\C_Projects\MyGAME\MyGAME\class.h(39,20): warning C4244: аргумент: преобразование "int" в "T", возможна потеря данных
          with
          [
              T=float
          ]
D:\C_Projects\MyGAME\MyGAME\class.h(44,19): warning C4244: +=: преобразование "double" в "T", возможна потеря данных
          with
          [
              T=float
          ]
D:\C_Projects\MyGAME\MyGAME\class.h(45,18): warning C4244: +=: преобразование "double" в "T", возможна потеря данных
          with
          [
              T=float
          ]
D:\C_Projects\MyGAME\MyGAME\class.h(61,38): warning C4244: аргумент: преобразование "int" в "T", возможна потеря данных
          with
          [
              T=float
          ]
D:\C_Projects\MyGAME\MyGAME\class.h(61,28): warning C4244: аргумент: преобразование "int" в "T", возможна потеря данных
          with
          [
              T=float
          ]
D:\C_Projects\MyGAME\MyGAME\class.h(61,24): warning C4244: аргумент: преобразование "int" в "T", возможна потеря данных
          with
          [
              T=float
          ]
D:\C_Projects\MyGAME\MyGAME\class.h(61,20): warning C4244: аргумент: преобразование "int" в "T", возможна потеря данных
          with
          [
              T=float
          ]
D:\C_Projects\MyGAME\MyGAME\class.h(66,21): warning C4244: +=: преобразование "double" в "T", возможна потеря данных
          with
          [
              T=float
          ]
D:\C_Projects\MyGAME\MyGAME\class.h(82,12): warning C4244: аргумент: преобразование "time_t" в "unsigned int", возможна потеря данных
D:\C_Projects\MyGAME\MyGAME\class.h(92,20): warning C4244: =: преобразование "int" в "T", возможна потеря данных
          with
          [
              T=float
          ]
D:\C_Projects\MyGAME\MyGAME\game.h(46,14): warning C4244: инициализация: преобразование "sf::Int64" в "float", возможна потеря данных
D:\C_Projects\MyGAME\MyGAME\game.h(49,29): warning C4244: аргумент: преобразование "double" в "float", возможна потеря данных
D:\C_Projects\MyGAME\MyGAME\game.h(50,30): warning C4244: аргумент: преобразование "double" в "float", возможна потеря данных
D:\C_Projects\MyGAME\MyGAME\game.h(115): warning C4715: start: значение возвращается не при всех путях выполнения
  MyGAME.vcxproj -> D:\C_Projects\MyGAME\x64\Debug\MyGAME.exe
